
Running Gradle task 'assembleDebug'...                          
lib/features/reports/reports_page.dart:18:36: Error: The getter 'allFoodEntriesProvider' isn't defined for the class 'ReportsPage'.
 - 'ReportsPage' is from 'package:weightvault/features/reports/reports_page.dart' ('lib/features/reports/reports_page.dart').
Try correcting the name to the name of an existing getter, or defining a getter or field named 'allFoodEntriesProvider'.
    final entriesAsync = ref.watch(allFoodEntriesProvider);
                                   ^^^^^^^^^^^^^^^^^^^^^^
Target kernel_snapshot_program failed: Exception


FAILURE: Build failed with an exception.

* What went wrong:
Execution failed for task ':app:compileFlutterBuildDebug'.
> Process 'command 'C:\src\flutter\bin\flutter.bat'' finished with non-zero exit value 1

* Try:
> Run with --stacktrace option to get the stack trace.
> Run with --info or --debug option to get more log output.
> Run with --scan to get full insights.
> Get more help at https://help.gradle.org.

BUï¿½LD FAILED in 7s
Running Gradle task 'assembleDebug'...                              8,3s
Gradle task assembleDebug failed with exit code 1
